> Task :gradle-plugin:settings-plugin:checkKotlinGradlePluginConfigurationErrors
> Task :gradle-plugin:shared:checkKotlinGradlePluginConfigurationErrors
> Task :gradle-plugin:shared:compileKotlin UP-TO-DATE
> Task :gradle-plugin:shared:compileJava NO-SOURCE
> Task :gradle-plugin:shared:processResources NO-SOURCE
> Task :gradle-plugin:shared:classes UP-TO-DATE
> Task :gradle-plugin:shared:jar UP-TO-DATE
> Task :gradle-plugin:settings-plugin:compileKotlin UP-TO-DATE
> Task :gradle-plugin:settings-plugin:compileJava NO-SOURCE
> Task :gradle-plugin:settings-plugin:pluginDescriptors UP-TO-DATE
> Task :gradle-plugin:settings-plugin:processResources UP-TO-DATE
> Task :gradle-plugin:settings-plugin:classes UP-TO-DATE
> Task :gradle-plugin:settings-plugin:jar UP-TO-DATE
> Task :gradle-plugin:react-native-gradle-plugin:checkKotlinGradlePluginConfigurationErrors
> Task :expo-updates-gradle-plugin:checkKotlinGradlePluginConfigurationErrors
> Task :expo-updates-gradle-plugin:pluginDescriptors UP-TO-DATE
> Task :expo-updates-gradle-plugin:processResources UP-TO-DATE
> Task :gradle-plugin:react-native-gradle-plugin:compileKotlin UP-TO-DATE
> Task :gradle-plugin:react-native-gradle-plugin:compileJava NO-SOURCE
> Task :gradle-plugin:react-native-gradle-plugin:pluginDescriptors UP-TO-DATE
> Task :gradle-plugin:react-native-gradle-plugin:processResources UP-TO-DATE
> Task :gradle-plugin:react-native-gradle-plugin:classes UP-TO-DATE
> Task :gradle-plugin:react-native-gradle-plugin:jar UP-TO-DATE
> Task :expo-updates-gradle-plugin:compileKotlin UP-TO-DATE
> Task :expo-updates-gradle-plugin:compileJava NO-SOURCE
> Task :expo-updates-gradle-plugin:classes UP-TO-DATE
> Task :expo-updates-gradle-plugin:jar UP-TO-DATE

> Configure project :app
 â„¹ï¸  [33mApplying gradle plugin[0m '[32mexpo-updates-gradle-plugin[0m' (expo-updates@0.26.19)

> Configure project :expo-modules-core
WARNING: [CXX5106] NDK was located by using ndk.dir property. This method is deprecated and will be removed in a future release. Please delete ndk.dir from local.properties and set android.ndkVersion to [26.1.10909125] in all native modules in the project. https://developer.android.com/r/studio-ui/ndk-dir
[CXX5106] NDK was located by using ndk.dir property. This method is deprecated and will be removed in a future release. Please delete ndk.dir from local.properties and set android.ndkVersion to [26.1.10909125] in all native modules in the project. https://developer.android.com/r/studio-ui/ndk-dir
WARNING: [CXX5106] NDK was located by using ndk.dir property. This method is deprecated and will be removed in a future release. Please delete ndk.dir from local.properties and set android.ndkVersion to [26.1.10909125] in all native modules in the project. https://developer.android.com/r/studio-ui/ndk-dir
[CXX5106] NDK was located by using ndk.dir property. This method is deprecated and will be removed in a future release. Please delete ndk.dir from local.properties and set android.ndkVersion to [26.1.10909125] in all native modules in the project. https://developer.android.com/r/studio-ui/ndk-dir
WARNING: [CXX5106] NDK was located by using ndk.dir property. This method is deprecated and will be removed in a future release. Please delete ndk.dir from local.properties and set android.ndkVersion to [26.1.10909125] in all native modules in the project. https://developer.android.com/r/studio-ui/ndk-dir
[CXX5106] NDK was located by using ndk.dir property. This method is deprecated and will be removed in a future release. Please delete ndk.dir from local.properties and set android.ndkVersion to [26.1.10909125] in all native modules in the project. https://developer.android.com/r/studio-ui/ndk-dir
WARNING: [CXX5106] NDK was located by using ndk.dir property. This method is deprecated and will be removed in a future release. Please delete ndk.dir from local.properties and set android.ndkVersion to [26.1.10909125] in all native modules in the project. https://developer.android.com/r/studio-ui/ndk-dir
[CXX5106] NDK was located by using ndk.dir property. This method is deprecated and will be removed in a future release. Please delete ndk.dir from local.properties and set android.ndkVersion to [26.1.10909125] in all native modules in the project. https://developer.android.com/r/studio-ui/ndk-dir
WARNING: [CXX5106] NDK was located by using ndk.dir property. This method is deprecated and will be removed in a future release. Please delete ndk.dir from local.properties and set android.ndkVersion to [26.1.10909125] in all native modules in the project. https://developer.android.com/r/studio-ui/ndk-dir
[CXX5106] NDK was located by using ndk.dir property. This method is deprecated and will be removed in a future release. Please delete ndk.dir from local.properties and set android.ndkVersion to [26.1.10909125] in all native modules in the project. https://developer.android.com/r/studio-ui/ndk-dir
WARNING: [CXX5106] NDK was located by using ndk.dir property. This method is deprecated and will be removed in a future release. Please delete ndk.dir from local.properties and set android.ndkVersion to [26.1.10909125] in all native modules in the project. https://developer.android.com/r/studio-ui/ndk-dir
[CXX5106] NDK was located by using ndk.dir property. This method is deprecated and will be removed in a future release. Please delete ndk.dir from local.properties and set android.ndkVersion to [26.1.10909125] in all native modules in the project. https://developer.android.com/r/studio-ui/ndk-dir
WARNING: [CXX5106] NDK was located by using ndk.dir property. This method is deprecated and will be removed in a future release. Please delete ndk.dir from local.properties and set android.ndkVersion to [26.1.10909125] in all native modules in the project. https://developer.android.com/r/studio-ui/ndk-dir
[CXX5106] NDK was located by using ndk.dir property. This method is deprecated and will be removed in a future release. Please delete ndk.dir from local.properties and set android.ndkVersion to [26.1.10909125] in all native modules in the project. https://developer.android.com/r/studio-ui/ndk-dir
WARNING: [CXX5106] NDK was located by using ndk.dir property. This method is deprecated and will be removed in a future release. Please delete ndk.dir from local.properties and set android.ndkVersion to [26.1.10909125] in all native modules in the project. https://developer.android.com/r/studio-ui/ndk-dir
[CXX5106] NDK was located by using ndk.dir property. This method is deprecated and will be removed in a future release. Please delete ndk.dir from local.properties and set android.ndkVersion to [26.1.10909125] in all native modules in the project. https://developer.android.com/r/studio-ui/ndk-dir
WARNING: [CXX5106] NDK was located by using ndk.dir property. This method is deprecated and will be removed in a future release. Please delete ndk.dir from local.properties and set android.ndkVersion to [26.1.10909125] in all native modules in the project. https://developer.android.com/r/studio-ui/ndk-dir
[CXX5106] NDK was located by using ndk.dir property. This method is deprecated and will be removed in a future release. Please delete ndk.dir from local.properties and set android.ndkVersion to [26.1.10909125] in all native modules in the project. https://developer.android.com/r/studio-ui/ndk-dir
WARNING: [CXX5106] NDK was located by using ndk.dir property. This method is deprecated and will be removed in a future release. Please delete ndk.dir from local.properties and set android.ndkVersion to [26.1.10909125] in all native modules in the project. https://developer.android.com/r/studio-ui/ndk-dir
[CXX5106] NDK was located by using ndk.dir property. This method is deprecated and will be removed in a future release. Please delete ndk.dir from local.properties and set android.ndkVersion to [26.1.10909125] in all native modules in the project. https://developer.android.com/r/studio-ui/ndk-dir
WARNING: [CXX5106] NDK was located by using ndk.dir property. This method is deprecated and will be removed in a future release. Please delete ndk.dir from local.properties and set android.ndkVersion to [26.1.10909125] in all native modules in the project. https://developer.android.com/r/studio-ui/ndk-dir
[CXX5106] NDK was located by using ndk.dir property. This method is deprecated and will be removed in a future release. Please delete ndk.dir from local.properties and set android.ndkVersion to [26.1.10909125] in all native modules in the project. https://developer.android.com/r/studio-ui/ndk-dir

> Configure project :expo

Using expo modules
  - [32mexpo-application[0m (6.0.2)
  - [32mexpo-asset[0m (11.0.5)
  - [32mexpo-camera[0m (16.0.18)
  - [32mexpo-clipboard[0m (7.0.1)
  - [32mexpo-constants[0m (17.0.8)
  - [32mexpo-device[0m (7.0.3)
  - [32mexpo-eas-client[0m (0.13.3)
  - [32mexpo-file-system[0m (18.0.12)
  - [32mexpo-font[0m (13.0.4)
  - [32mexpo-intent-launcher[0m (12.0.2)
  - [32mexpo-json-utils[0m (0.14.0)
  - [32mexpo-keep-awake[0m (14.0.3)
  - [32mexpo-linking[0m (7.0.5)
  - [32mexpo-location[0m (18.0.10)
  - [32mexpo-manifests[0m (0.15.8)
  - [32mexpo-modules-core[0m (2.2.3)
  - [32mexpo-notifications[0m (0.29.14)
  - [32mexpo-print[0m (14.0.3)
  - [32mexpo-sharing[0m (13.0.1)
  - [32mexpo-splash-screen[0m (0.29.24)
  - [32mexpo-structured-headers[0m (4.0.0)
  - [32mexpo-system-ui[0m (4.0.9)
  - [32mexpo-updates[0m (0.26.19)


> Configure project :react-native-reanimated
Android gradle plugin: 8.6.0
Gradle: 8.10.2
WARNING: [CXX5106] NDK was located by using ndk.dir property. This method is deprecated and will be removed in a future release. Please delete ndk.dir from local.properties and set android.ndkVersion to [26.1.10909125] in all native modules in the project. https://developer.android.com/r/studio-ui/ndk-dir
[CXX5106] NDK was located by using ndk.dir property. This method is deprecated and will be removed in a future release. Please delete ndk.dir from local.properties and set android.ndkVersion to [26.1.10909125] in all native modules in the project. https://developer.android.com/r/studio-ui/ndk-dir
WARNING: [CXX5106] NDK was located by using ndk.dir property. This method is deprecated and will be removed in a future release. Please delete ndk.dir from local.properties and set android.ndkVersion to [26.1.10909125] in all native modules in the project. https://developer.android.com/r/studio-ui/ndk-dir
[CXX5106] NDK was located by using ndk.dir property. This method is deprecated and will be removed in a future release. Please delete ndk.dir from local.properties and set android.ndkVersion to [26.1.10909125] in all native modules in the project. https://developer.android.com/r/studio-ui/ndk-dir
WARNING: [CXX5106] NDK was located by using ndk.dir property. This method is deprecated and will be removed in a future release. Please delete ndk.dir from local.properties and set android.ndkVersion to [26.1.10909125] in all native modules in the project. https://developer.android.com/r/studio-ui/ndk-dir
[CXX5106] NDK was located by using ndk.dir property. This method is deprecated and will be removed in a future release. Please delete ndk.dir from local.properties and set android.ndkVersion to [26.1.10909125] in all native modules in the project. https://developer.android.com/r/studio-ui/ndk-dir
WARNING: [CXX5106] NDK was located by using ndk.dir property. This method is deprecated and will be removed in a future release. Please delete ndk.dir from local.properties and set android.ndkVersion to [26.1.10909125] in all native modules in the project. https://developer.android.com/r/studio-ui/ndk-dir
[CXX5106] NDK was located by using ndk.dir property. This method is deprecated and will be removed in a future release. Please delete ndk.dir from local.properties and set android.ndkVersion to [26.1.10909125] in all native modules in the project. https://developer.android.com/r/studio-ui/ndk-dir
WARNING: [CXX5106] NDK was located by using ndk.dir property. This method is deprecated and will be removed in a future release. Please delete ndk.dir from local.properties and set android.ndkVersion to [26.1.10909125] in all native modules in the project. https://developer.android.com/r/studio-ui/ndk-dir
[CXX5106] NDK was located by using ndk.dir property. This method is deprecated and will be removed in a future release. Please delete ndk.dir from local.properties and set android.ndkVersion to [26.1.10909125] in all native modules in the project. https://developer.android.com/r/studio-ui/ndk-dir
WARNING: [CXX5106] NDK was located by using ndk.dir property. This method is deprecated and will be removed in a future release. Please delete ndk.dir from local.properties and set android.ndkVersion to [26.1.10909125] in all native modules in the project. https://developer.android.com/r/studio-ui/ndk-dir
[CXX5106] NDK was located by using ndk.dir property. This method is deprecated and will be removed in a future release. Please delete ndk.dir from local.properties and set android.ndkVersion to [26.1.10909125] in all native modules in the project. https://developer.android.com/r/studio-ui/ndk-dir
WARNING: [CXX5106] NDK was located by using ndk.dir property. This method is deprecated and will be removed in a future release. Please delete ndk.dir from local.properties and set android.ndkVersion to [26.1.10909125] in all native modules in the project. https://developer.android.com/r/studio-ui/ndk-dir
[CXX5106] NDK was located by using ndk.dir property. This method is deprecated and will be removed in a future release. Please delete ndk.dir from local.properties and set android.ndkVersion to [26.1.10909125] in all native modules in the project. https://developer.android.com/r/studio-ui/ndk-dir
WARNING: [CXX5106] NDK was located by using ndk.dir property. This method is deprecated and will be removed in a future release. Please delete ndk.dir from local.properties and set android.ndkVersion to [26.1.10909125] in all native modules in the project. https://developer.android.com/r/studio-ui/ndk-dir
[CXX5106] NDK was located by using ndk.dir property. This method is deprecated and will be removed in a future release. Please delete ndk.dir from local.properties and set android.ndkVersion to [26.1.10909125] in all native modules in the project. https://developer.android.com/r/studio-ui/ndk-dir
WARNING: [CXX5106] NDK was located by using ndk.dir property. This method is deprecated and will be removed in a future release. Please delete ndk.dir from local.properties and set android.ndkVersion to [26.1.10909125] in all native modules in the project. https://developer.android.com/r/studio-ui/ndk-dir
[CXX5106] NDK was located by using ndk.dir property. This method is deprecated and will be removed in a future release. Please delete ndk.dir from local.properties and set android.ndkVersion to [26.1.10909125] in all native modules in the project. https://developer.android.com/r/studio-ui/ndk-dir
WARNING: [CXX5106] NDK was located by using ndk.dir property. This method is deprecated and will be removed in a future release. Please delete ndk.dir from local.properties and set android.ndkVersion to [26.1.10909125] in all native modules in the project. https://developer.android.com/r/studio-ui/ndk-dir
[CXX5106] NDK was located by using ndk.dir property. This method is deprecated and will be removed in a future release. Please delete ndk.dir from local.properties and set android.ndkVersion to [26.1.10909125] in all native modules in the project. https://developer.android.com/r/studio-ui/ndk-dir
WARNING: [CXX5106] NDK was located by using ndk.dir property. This method is deprecated and will be removed in a future release. Please delete ndk.dir from local.properties and set android.ndkVersion to [26.1.10909125] in all native modules in the project. https://developer.android.com/r/studio-ui/ndk-dir
[CXX5106] NDK was located by using ndk.dir property. This method is deprecated and will be removed in a future release. Please delete ndk.dir from local.properties and set android.ndkVersion to [26.1.10909125] in all native modules in the project. https://developer.android.com/r/studio-ui/ndk-dir

> Configure project :react-native-screens
WARNING: [CXX5106] NDK was located by using ndk.dir property. This method is deprecated and will be removed in a future release. Please delete ndk.dir from local.properties and set android.ndkVersion to [26.1.10909125] in all native modules in the project. https://developer.android.com/r/studio-ui/ndk-dir
[CXX5106] NDK was located by using ndk.dir property. This method is deprecated and will be removed in a future release. Please delete ndk.dir from local.properties and set android.ndkVersion to [26.1.10909125] in all native modules in the project. https://developer.android.com/r/studio-ui/ndk-dir
WARNING: [CXX5106] NDK was located by using ndk.dir property. This method is deprecated and will be removed in a future release. Please delete ndk.dir from local.properties and set android.ndkVersion to [26.1.10909125] in all native modules in the project. https://developer.android.com/r/studio-ui/ndk-dir
[CXX5106] NDK was located by using ndk.dir property. This method is deprecated and will be removed in a future release. Please delete ndk.dir from local.properties and set android.ndkVersion to [26.1.10909125] in all native modules in the project. https://developer.android.com/r/studio-ui/ndk-dir
WARNING: [CXX5106] NDK was located by using ndk.dir property. This method is deprecated and will be removed in a future release. Please delete ndk.dir from local.properties and set android.ndkVersion to [26.1.10909125] in all native modules in the project. https://developer.android.com/r/studio-ui/ndk-dir
[CXX5106] NDK was located by using ndk.dir property. This method is deprecated and will be removed in a future release. Please delete ndk.dir from local.properties and set android.ndkVersion to [26.1.10909125] in all native modules in the project. https://developer.android.com/r/studio-ui/ndk-dir
WARNING: [CXX5106] NDK was located by using ndk.dir property. This method is deprecated and will be removed in a future release. Please delete ndk.dir from local.properties and set android.ndkVersion to [26.1.10909125] in all native modules in the project. https://developer.android.com/r/studio-ui/ndk-dir
[CXX5106] NDK was located by using ndk.dir property. This method is deprecated and will be removed in a future release. Please delete ndk.dir from local.properties and set android.ndkVersion to [26.1.10909125] in all native modules in the project. https://developer.android.com/r/studio-ui/ndk-dir
WARNING: [CXX5106] NDK was located by using ndk.dir property. This method is deprecated and will be removed in a future release. Please delete ndk.dir from local.properties and set android.ndkVersion to [26.1.10909125] in all native modules in the project. https://developer.android.com/r/studio-ui/ndk-dir
[CXX5106] NDK was located by using ndk.dir property. This method is deprecated and will be removed in a future release. Please delete ndk.dir from local.properties and set android.ndkVersion to [26.1.10909125] in all native modules in the project. https://developer.android.com/r/studio-ui/ndk-dir
WARNING: [CXX5106] NDK was located by using ndk.dir property. This method is deprecated and will be removed in a future release. Please delete ndk.dir from local.properties and set android.ndkVersion to [26.1.10909125] in all native modules in the project. https://developer.android.com/r/studio-ui/ndk-dir
[CXX5106] NDK was located by using ndk.dir property. This method is deprecated and will be removed in a future release. Please delete ndk.dir from local.properties and set android.ndkVersion to [26.1.10909125] in all native modules in the project. https://developer.android.com/r/studio-ui/ndk-dir
WARNING: [CXX5106] NDK was located by using ndk.dir property. This method is deprecated and will be removed in a future release. Please delete ndk.dir from local.properties and set android.ndkVersion to [26.1.10909125] in all native modules in the project. https://developer.android.com/r/studio-ui/ndk-dir
[CXX5106] NDK was located by using ndk.dir property. This method is deprecated and will be removed in a future release. Please delete ndk.dir from local.properties and set android.ndkVersion to [26.1.10909125] in all native modules in the project. https://developer.android.com/r/studio-ui/ndk-dir
WARNING: [CXX5106] NDK was located by using ndk.dir property. This method is deprecated and will be removed in a future release. Please delete ndk.dir from local.properties and set android.ndkVersion to [26.1.10909125] in all native modules in the project. https://developer.android.com/r/studio-ui/ndk-dir
[CXX5106] NDK was located by using ndk.dir property. This method is deprecated and will be removed in a future release. Please delete ndk.dir from local.properties and set android.ndkVersion to [26.1.10909125] in all native modules in the project. https://developer.android.com/r/studio-ui/ndk-dir
WARNING: [CXX5106] NDK was located by using ndk.dir property. This method is deprecated and will be removed in a future release. Please delete ndk.dir from local.properties and set android.ndkVersion to [26.1.10909125] in all native modules in the project. https://developer.android.com/r/studio-ui/ndk-dir
[CXX5106] NDK was located by using ndk.dir property. This method is deprecated and will be removed in a future release. Please delete ndk.dir from local.properties and set android.ndkVersion to [26.1.10909125] in all native modules in the project. https://developer.android.com/r/studio-ui/ndk-dir
WARNING: [CXX5106] NDK was located by using ndk.dir property. This method is deprecated and will be removed in a future release. Please delete ndk.dir from local.properties and set android.ndkVersion to [26.1.10909125] in all native modules in the project. https://developer.android.com/r/studio-ui/ndk-dir
[CXX5106] NDK was located by using ndk.dir property. This method is deprecated and will be removed in a future release. Please delete ndk.dir from local.properties and set android.ndkVersion to [26.1.10909125] in all native modules in the project. https://developer.android.com/r/studio-ui/ndk-dir
WARNING: [CXX5106] NDK was located by using ndk.dir property. This method is deprecated and will be removed in a future release. Please delete ndk.dir from local.properties and set android.ndkVersion to [26.1.10909125] in all native modules in the project. https://developer.android.com/r/studio-ui/ndk-dir
[CXX5106] NDK was located by using ndk.dir property. This method is deprecated and will be removed in a future release. Please delete ndk.dir from local.properties and set android.ndkVersion to [26.1.10909125] in all native modules in the project. https://developer.android.com/r/studio-ui/ndk-dir
WARNING: The specified Android SDK Build Tools version (32.0.0) is ignored, as it is below the minimum supported version (34.0.0) for Android Gradle Plugin 8.6.0.
Android SDK Build Tools 34.0.0 will be used.
To suppress this warning, remove "buildToolsVersion '32.0.0'" from your build.gradle file, as each version of the Android Gradle Plugin now has a default version of the build tools.

> Task :app:checkKotlinGradlePluginConfigurationErrors
> Task :app:generateAutolinkingPackageList UP-TO-DATE
> Task :app:generateCodegenSchemaFromJavaScript SKIPPED
> Task :app:generateCodegenArtifactsFromSchema SKIPPED
> Task :app:preBuild UP-TO-DATE
> Task :app:preReleaseBuild UP-TO-DATE
> Task :app:generateReleaseBuildConfig UP-TO-DATE
> Task :expo:generateExpoModulesPackageListTask UP-TO-DATE
> Task :expo:preBuild UP-TO-DATE
> Task :expo:preReleaseBuild UP-TO-DATE
> Task :expo:writeReleaseAarMetadata UP-TO-DATE
> Task :expo-application:preBuild UP-TO-DATE
> Task :expo-application:preReleaseBuild UP-TO-DATE
> Task :expo-application:writeReleaseAarMetadata UP-TO-DATE
> Task :expo-asset:preBuild UP-TO-DATE
> Task :expo-asset:preReleaseBuild UP-TO-DATE
> Task :expo-asset:writeReleaseAarMetadata UP-TO-DATE
> Task :expo-camera:preBuild UP-TO-DATE
> Task :expo-camera:preReleaseBuild UP-TO-DATE
> Task :expo-camera:writeReleaseAarMetadata UP-TO-DATE
> Task :expo-clipboard:preBuild UP-TO-DATE
> Task :expo-clipboard:preReleaseBuild UP-TO-DATE
> Task :expo-clipboard:writeReleaseAarMetadata UP-TO-DATE

> Task :expo-constants:createExpoConfig
The NODE_ENV environment variable is required but was not specified. Ensure the project is bundled with Expo CLI or NODE_ENV is set.
Proceeding without mode-specific .env

> Task :expo-constants:preBuild
> Task :expo-constants:preReleaseBuild
> Task :expo-constants:writeReleaseAarMetadata UP-TO-DATE
> Task :expo-device:preBuild UP-TO-DATE
> Task :expo-device:preReleaseBuild UP-TO-DATE
> Task :expo-device:writeReleaseAarMetadata UP-TO-DATE
> Task :expo-eas-client:preBuild UP-TO-DATE
> Task :expo-eas-client:preReleaseBuild UP-TO-DATE
> Task :expo-eas-client:writeReleaseAarMetadata UP-TO-DATE
> Task :expo-file-system:preBuild UP-TO-DATE
> Task :expo-file-system:preReleaseBuild UP-TO-DATE
> Task :expo-file-system:writeReleaseAarMetadata UP-TO-DATE
> Task :expo-font:preBuild UP-TO-DATE
> Task :expo-font:preReleaseBuild UP-TO-DATE
> Task :expo-font:writeReleaseAarMetadata UP-TO-DATE
> Task :expo-intent-launcher:preBuild UP-TO-DATE
> Task :expo-intent-launcher:preReleaseBuild UP-TO-DATE
> Task :expo-intent-launcher:writeReleaseAarMetadata UP-TO-DATE
> Task :expo-json-utils:preBuild UP-TO-DATE
> Task :expo-json-utils:preReleaseBuild UP-TO-DATE
> Task :expo-json-utils:writeReleaseAarMetadata UP-TO-DATE
> Task :expo-keep-awake:preBuild UP-TO-DATE
> Task :expo-keep-awake:preReleaseBuild UP-TO-DATE
> Task :expo-keep-awake:writeReleaseAarMetadata UP-TO-DATE
> Task :expo-linking:preBuild UP-TO-DATE
> Task :expo-linking:preReleaseBuild UP-TO-DATE
> Task :expo-linking:writeReleaseAarMetadata UP-TO-DATE
> Task :expo-location:preBuild UP-TO-DATE
> Task :expo-location:preReleaseBuild UP-TO-DATE
> Task :expo-location:writeReleaseAarMetadata UP-TO-DATE
> Task :expo-manifests:preBuild UP-TO-DATE
> Task :expo-manifests:preReleaseBuild UP-TO-DATE
> Task :expo-manifests:writeReleaseAarMetadata UP-TO-DATE
> Task :expo-modules-core:preBuild UP-TO-DATE
> Task :expo-modules-core:preReleaseBuild UP-TO-DATE
> Task :expo-modules-core:writeReleaseAarMetadata UP-TO-DATE
> Task :expo-notifications:preBuild UP-TO-DATE
> Task :expo-notifications:preReleaseBuild UP-TO-DATE
> Task :expo-notifications:writeReleaseAarMetadata UP-TO-DATE
> Task :expo-print:preBuild UP-TO-DATE
> Task :expo-print:preReleaseBuild UP-TO-DATE
> Task :expo-print:writeReleaseAarMetadata UP-TO-DATE
> Task :expo-sharing:preBuild UP-TO-DATE
> Task :expo-sharing:preReleaseBuild UP-TO-DATE
> Task :expo-sharing:writeReleaseAarMetadata UP-TO-DATE
> Task :expo-splash-screen:preBuild UP-TO-DATE
> Task :expo-splash-screen:preReleaseBuild UP-TO-DATE
> Task :expo-splash-screen:writeReleaseAarMetadata UP-TO-DATE
> Task :expo-structured-headers:preBuild UP-TO-DATE
> Task :expo-structured-headers:preReleaseBuild UP-TO-DATE
> Task :expo-structured-headers:writeReleaseAarMetadata UP-TO-DATE
> Task :expo-system-ui:preBuild UP-TO-DATE
> Task :expo-system-ui:preReleaseBuild UP-TO-DATE
> Task :expo-system-ui:writeReleaseAarMetadata UP-TO-DATE
> Task :expo-updates:preBuild UP-TO-DATE
> Task :expo-updates:preReleaseBuild UP-TO-DATE
> Task :expo-updates:writeReleaseAarMetadata UP-TO-DATE
> Task :expo-updates-interface:preBuild UP-TO-DATE
> Task :expo-updates-interface:preReleaseBuild UP-TO-DATE
> Task :expo-updates-interface:writeReleaseAarMetadata UP-TO-DATE
> Task :react-native-async-storage_async-storage:preBuild UP-TO-DATE
> Task :react-native-async-storage_async-storage:preReleaseBuild UP-TO-DATE
> Task :react-native-async-storage_async-storage:writeReleaseAarMetadata UP-TO-DATE
> Task :react-native-community_datetimepicker:preBuild UP-TO-DATE
> Task :react-native-community_datetimepicker:preReleaseBuild UP-TO-DATE
> Task :react-native-community_datetimepicker:writeReleaseAarMetadata UP-TO-DATE
> Task :react-native-ping:preBuild UP-TO-DATE
> Task :react-native-ping:preReleaseBuild UP-TO-DATE
> Task :react-native-ping:writeReleaseAarMetadata UP-TO-DATE
> Task :react-native-reanimated:assertLatestReactNativeWithNewArchitectureTask SKIPPED
> Task :react-native-reanimated:assertMinimalReactNativeVersionTask SKIPPED
> Task :react-native-reanimated:prepareReanimatedHeadersForPrefabs UP-TO-DATE
> Task :react-native-reanimated:prepareWorkletsHeadersForPrefabs UP-TO-DATE
> Task :react-native-reanimated:preBuild UP-TO-DATE
> Task :react-native-reanimated:preReleaseBuild UP-TO-DATE
> Task :react-native-reanimated:writeReleaseAarMetadata UP-TO-DATE
> Task :react-native-safe-area-context:preBuild UP-TO-DATE
> Task :react-native-safe-area-context:preReleaseBuild UP-TO-DATE
> Task :react-native-safe-area-context:writeReleaseAarMetadata UP-TO-DATE
> Task :react-native-screens:preBuild UP-TO-DATE
> Task :react-native-screens:preReleaseBuild UP-TO-DATE
> Task :react-native-screens:writeReleaseAarMetadata UP-TO-DATE
> Task :react-native-svg:preBuild UP-TO-DATE
> Task :react-native-svg:preReleaseBuild UP-TO-DATE
> Task :react-native-svg:writeReleaseAarMetadata UP-TO-DATE
> Task :react-native-thermal-receipt-printer-image-qr:preBuild UP-TO-DATE
> Task :react-native-thermal-receipt-printer-image-qr:preReleaseBuild UP-TO-DATE
> Task :react-native-thermal-receipt-printer-image-qr:writeReleaseAarMetadata UP-TO-DATE
> Task :react-native-view-shot:preBuild UP-TO-DATE
> Task :react-native-view-shot:preReleaseBuild UP-TO-DATE
> Task :react-native-view-shot:writeReleaseAarMetadata UP-TO-DATE
> Task :app:checkReleaseAarMetadata UP-TO-DATE

> Task :app:createBundleReleaseJsAndAssets
Starting Metro Bundler
warning: Bundler cache is empty, rebuilding (this may take a minute)
Android Bundling failed 914ms index.js (1 module)
SyntaxError: ..\..\index.js: [BABEL] C:\Projetos\App\InnoBet\index.js: Cannot find module 'react-native-worklets/plugin'
Require stack:
- C:\Projetos\App\InnoBet\node_modules\@babel\core\lib\config\files\plugins.js
- C:\Projetos\App\InnoBet\node_modules\@babel\core\lib\config\files\index.js
- C:\Projetos\App\InnoBet\node_modules\@babel\core\lib\index.js
- C:\Projetos\App\InnoBet\node_modules\@expo\metro-config\build\transform-worker\metro-transform-worker.js
- C:\Projetos\App\InnoBet\node_modules\@expo\metro-config\build\transform-worker\transform-worker.js
- C:\Projetos\App\InnoBet\node_modules\metro\src\DeltaBundler\Worker.flow.js
- C:\Projetos\App\InnoBet\node_modules\metro\src\DeltaBundler\Worker.js
- C:\Projetos\App\InnoBet\node_modules\metro\node_modules\jest-worker\build\workers\processChild.js

Make sure that all the Babel plugins and presets you are using
are defined as dependencies or devDependencies in your package.json
file. It's possible that the missing plugin is loaded by a preset
you are using that forgot to add the plugin to its dependencies: you
can workaround this problem by explicitly adding the missing package
to your top-level package.json.

Error: [BABEL] C:\Projetos\App\InnoBet\index.js: Cannot find module 'react-native-worklets/plugin'
Require stack:
- C:\Projetos\App\InnoBet\node_modules\@babel\core\lib\config\files\plugins.js
- C:\Projetos\App\InnoBet\node_modules\@babel\core\lib\config\files\index.js
- C:\Projetos\App\InnoBet\node_modules\@babel\core\lib\index.js
- C:\Projetos\App\InnoBet\node_modules\@expo\metro-config\build\transform-worker\metro-transform-worker.js
- C:\Projetos\App\InnoBet\node_modules\@expo\metro-config\build\transform-worker\transform-worker.js
- C:\Projetos\App\InnoBet\node_modules\metro\src\DeltaBundler\Worker.flow.js
- C:\Projetos\App\InnoBet\node_modules\metro\src\DeltaBundler\Worker.js
- C:\Projetos\App\InnoBet\node_modules\metro\node_modules\jest-worker\build\workers\processChild.js

Make sure that all the Babel plugins and presets you are using
are defined as dependencies or devDependencies in your package.json
file. It's possible that the missing plugin is loaded by a preset
you are using that forgot to add the plugin to its dependencies: you
can workaround this problem by explicitly adding the missing package
to your top-level package.json.

    at Module._resolveFilename (node:internal/modules/cjs/loader:1421:15)
    at resolve (node:internal/modules/helpers:163:19)
    at tryRequireResolve (C:\Projetos\App\InnoBet\node_modules\@babel\core\lib\config\files\plugins.js:128:11)
    at resolveStandardizedNameForRequire (C:\Projetos\App\InnoBet\node_modules\@babel\core\lib\config\files\plugins.js:162:19)
    at resolveStandardizedName (C:\Projetos\App\InnoBet\node_modules\@babel\core\lib\config\files\plugins.js:183:12)
    at loadPlugin (C:\Projetos\App\InnoBet\node_modules\@babel\core\lib\config\files\plugins.js:56:7)
    at loadPlugin.next (<anonymous>)
    at createDescriptor (C:\Projetos\App\InnoBet\node_modules\@babel\core\lib\config\config-descriptors.js:140:16)
    at createDescriptor.next (<anonymous>)
    at evaluateSync (C:\Projetos\App\InnoBet\node_modules\gensync\index.js:251:28)
    at C:\Projetos\App\InnoBet\node_modules\gensync\index.js:31:34
    at Array.map (<anonymous>)
    at gensync.sync (C:\Projetos\App\InnoBet\node_modules\gensync\index.js:31:22)
    at gensync.all (C:\Projetos\App\InnoBet\node_modules\gensync\index.js:210:24)
    at Generator.next (<anonymous>)
    at createDescriptors (C:\Projetos\App\InnoBet\node_modules\@babel\core\lib\config\config-descriptors.js:102:41)
    at createDescriptors.next (<anonymous>)
    at createPluginDescriptors (C:\Projetos\App\InnoBet\node_modules\@babel\core\lib\config\config-descriptors.js:99:17)
    at createPluginDescriptors.next (<anonymous>)
    at C:\Projetos\App\InnoBet\node_modules\@babel\core\lib\gensync-utils\functional.js:22:27
    at Generator.next (<anonymous>)
    at mergeChainOpts (C:\Projetos\App\InnoBet\node_modules\@babel\core\lib\config\config-chain.js:349:34)
    at mergeChainOpts.next (<anonymous>)
    at chainWalker (C:\Projetos\App\InnoBet\node_modules\@babel\core\lib\config\config-chain.js:316:14)
    at chainWalker.next (<anonymous>)
    at buildPresetChain (C:\Projetos\App\InnoBet\node_modules\@babel\core\lib\config\config-chain.js:33:24)
    at buildPresetChain.next (<anonymous>)
    at loadPresetDescriptor (C:\Projetos\App\InnoBet\node_modules\@babel\core\lib\config\full.js:295:53)
    at loadPresetDescriptor.next (<anonymous>)
    at recursePresetDescriptors (C:\Projetos\App\InnoBet\node_modules\@babel\core\lib\config\full.js:77:31)
    at recursePresetDescriptors.next (<anonymous>)
    at C:\Projetos\App\InnoBet\node_modules\@babel\core\lib\config\full.js:156:21
    at Generator.next (<anonymous>)
    at loadFullConfig (C:\Projetos\App\InnoBet\node_modules\@babel\core\lib\config\full.js:113:5)
    at loadFullConfig.next (<anonymous>)
    at transform (C:\Projetos\App\InnoBet\node_modules\@babel\core\lib\transform.js:20:44)
    at transform.next (<anonymous>)
    at evaluateSync (C:\Projetos\App\InnoBet\node_modules\gensync\index.js:251:28)
    at sync (C:\Projetos\App\InnoBet\node_modules\gensync\index.js:89:14)
    at stopHiding - secret - don't use this - v1 (C:\Projetos\App\InnoBet\node_modules\@babel\core\lib\errors\rewrite-stack-trace.js:47:12)
    at Object.transformSync (C:\Projetos\App\InnoBet\node_modules\@babel\core\lib\transform.js:42:76)
    at parseWithBabel (C:\Projetos\App\InnoBet\node_modules\@expo\metro-config\build\transformSync.js:65:18)
    at transformSync (C:\Projetos\App\InnoBet\node_modules\@expo\metro-config\build\transformSync.js:54:12)
    at Object.transform (C:\Projetos\App\InnoBet\node_modules\@expo\metro-config\build\babel-transformer.js:115:58)
    at transformJSWithBabel (C:\Projetos\App\InnoBet\node_modules\@expo\metro-config\build\transform-worker\metro-transform-worker.js:440:47)
    at Object.transform (C:\Projetos\App\InnoBet\node_modules\@expo\metro-config\build\transform-worker\metro-transform-worker.js:549:12)
    at Object.transform (C:\Projetos\App\InnoBet\node_modules\@expo\metro-config\build\transform-worker\transform-worker.js:117:23)
    at transformFile (C:\Projetos\App\InnoBet\node_modules\metro\src\DeltaBundler\Worker.flow.js:54:36)
    at Object.transform (C:\Projetos\App\InnoBet\node_modules\metro\src\DeltaBundler\Worker.flow.js:30:10)

> Task :app:createBundleReleaseJsAndAssets FAILED

FAILURE: Build failed with an exception.

* What went wrong:
Execution failed for task ':app:createBundleReleaseJsAndAssets'.
> Process 'command 'cmd'' finished with non-zero exit value 1

* Try:
> Run with --stacktrace option to get the stack trace.
> Run with --info or --debug option to get more log output.
> Run with --scan to get full insights.
> Get more help at https://help.gradle.org.

Deprecated Gradle features were used in this build, making it incompatible with Gradle 9.0.

You can use '--warning-mode all' to show the individual deprecation warnings and determine if they come from your own scripts or plugins.

For more on this, please refer to https://docs.gradle.org/8.10.2/userguide/command_line_interface.html#sec:command_line_warnings in the Gradle documentation.

BUILD FAILED in 28s
61 actionable tasks: 7 executed, 54 up-to-date
